{"C:\\Users\\55439\\OneDrive\\Ambiente de Trabalho\\CubosAcademy\\Nodejs\\ProjetosNuvem\\ApiRESTToDoList\\src\\app.js": {"path":"C:\\Users\\55439\\OneDrive\\Ambiente de Trabalho\\CubosAcademy\\Nodejs\\ProjetosNuvem\\ApiRESTToDoList\\src\\app.js","statementMap":{"0":{"start":{"line":1,"column":16},"end":{"line":1,"column":34}},"1":{"start":{"line":2,"column":15},"end":{"line":2,"column":34}},"2":{"start":{"line":3,"column":27},"end":{"line":3,"column":73}},"3":{"start":{"line":4,"column":23},"end":{"line":4,"column":62}},"4":{"start":{"line":6,"column":12},"end":{"line":6,"column":21}},"5":{"start":{"line":7,"column":13},"end":{"line":7,"column":17}},"6":{"start":{"line":9,"column":0},"end":{"line":9,"column":12}},"7":{"start":{"line":11,"column":0},"end":{"line":11,"column":28}},"8":{"start":{"line":13,"column":0},"end":{"line":13,"column":24}},"9":{"start":{"line":20,"column":0},"end":{"line":20,"column":21}}},"fnMap":{},"branchMap":{},"s":{"0":2,"1":2,"2":2,"3":2,"4":2,"5":2,"6":2,"7":2,"8":2,"9":2},"f":{},"b":{},"_coverageSchema":"1a1c01bbd47fc00a2c39e90264f33305004495a9","hash":"89a59d9fd071cf0995ea2c5743783fe4329a2a18"}
,"C:\\Users\\55439\\OneDrive\\Ambiente de Trabalho\\CubosAcademy\\Nodejs\\ProjetosNuvem\\ApiRESTToDoList\\src\\Erros\\ErroBase.js": {"path":"C:\\Users\\55439\\OneDrive\\Ambiente de Trabalho\\CubosAcademy\\Nodejs\\ProjetosNuvem\\ApiRESTToDoList\\src\\Erros\\ErroBase.js","statementMap":{"0":{"start":{"line":5,"column":4},"end":{"line":5,"column":12}},"1":{"start":{"line":6,"column":4},"end":{"line":6,"column":28}},"2":{"start":{"line":7,"column":4},"end":{"line":7,"column":25}},"3":{"start":{"line":10,"column":4},"end":{"line":13,"column":7}},"4":{"start":{"line":17,"column":0},"end":{"line":17,"column":26}}},"fnMap":{"0":{"name":"(anonymous_0)","decl":{"start":{"line":4,"column":2},"end":{"line":4,"column":3}},"loc":{"start":{"line":4,"column":66},"end":{"line":8,"column":3}},"line":4},"1":{"name":"(anonymous_1)","decl":{"start":{"line":9,"column":2},"end":{"line":9,"column":3}},"loc":{"start":{"line":9,"column":21},"end":{"line":14,"column":3}},"line":9}},"branchMap":{"0":{"loc":{"start":{"line":4,"column":14},"end":{"line":4,"column":51}},"type":"default-arg","locations":[{"start":{"line":4,"column":25},"end":{"line":4,"column":51}}],"line":4},"1":{"loc":{"start":{"line":4,"column":53},"end":{"line":4,"column":65}},"type":"default-arg","locations":[{"start":{"line":4,"column":62},"end":{"line":4,"column":65}}],"line":4}},"s":{"0":17,"1":17,"2":17,"3":17,"4":2},"f":{"0":17,"1":17},"b":{"0":[0],"1":[0]},"_coverageSchema":"1a1c01bbd47fc00a2c39e90264f33305004495a9","hash":"e5f6afcbc1b58c0709991634a09b242d07462dba"}
,"C:\\Users\\55439\\OneDrive\\Ambiente de Trabalho\\CubosAcademy\\Nodejs\\ProjetosNuvem\\ApiRESTToDoList\\src\\Erros\\ErroPaginaNaoEncontrada.js": {"path":"C:\\Users\\55439\\OneDrive\\Ambiente de Trabalho\\CubosAcademy\\Nodejs\\ProjetosNuvem\\ApiRESTToDoList\\src\\Erros\\ErroPaginaNaoEncontrada.js","statementMap":{"0":{"start":{"line":1,"column":17},"end":{"line":1,"column":38}},"1":{"start":{"line":6,"column":4},"end":{"line":6,"column":25}},"2":{"start":{"line":10,"column":0},"end":{"line":10,"column":41}}},"fnMap":{"0":{"name":"(anonymous_0)","decl":{"start":{"line":5,"column":2},"end":{"line":5,"column":3}},"loc":{"start":{"line":5,"column":50},"end":{"line":7,"column":3}},"line":5}},"branchMap":{"0":{"loc":{"start":{"line":5,"column":14},"end":{"line":5,"column":49}},"type":"default-arg","locations":[{"start":{"line":5,"column":25},"end":{"line":5,"column":49}}],"line":5}},"s":{"0":2,"1":1,"2":2},"f":{"0":1},"b":{"0":[1]},"_coverageSchema":"1a1c01bbd47fc00a2c39e90264f33305004495a9","hash":"908ccf79ac32732f49797181e6adb77c00c86153"}
,"C:\\Users\\55439\\OneDrive\\Ambiente de Trabalho\\CubosAcademy\\Nodejs\\ProjetosNuvem\\ApiRESTToDoList\\src\\Erros\\ErroRequisicao.js": {"path":"C:\\Users\\55439\\OneDrive\\Ambiente de Trabalho\\CubosAcademy\\Nodejs\\ProjetosNuvem\\ApiRESTToDoList\\src\\Erros\\ErroRequisicao.js","statementMap":{"0":{"start":{"line":1,"column":17},"end":{"line":1,"column":38}},"1":{"start":{"line":6,"column":4},"end":{"line":6,"column":25}},"2":{"start":{"line":10,"column":0},"end":{"line":10,"column":32}}},"fnMap":{"0":{"name":"(anonymous_0)","decl":{"start":{"line":5,"column":2},"end":{"line":5,"column":3}},"loc":{"start":{"line":5,"column":65},"end":{"line":7,"column":3}},"line":5}},"branchMap":{"0":{"loc":{"start":{"line":5,"column":14},"end":{"line":5,"column":64}},"type":"default-arg","locations":[{"start":{"line":5,"column":25},"end":{"line":5,"column":64}}],"line":5}},"s":{"0":2,"1":16,"2":2},"f":{"0":16},"b":{"0":[0]},"_coverageSchema":"1a1c01bbd47fc00a2c39e90264f33305004495a9","hash":"603276b414454a705ae2bda93714b7125e211b00"}
,"C:\\Users\\55439\\OneDrive\\Ambiente de Trabalho\\CubosAcademy\\Nodejs\\ProjetosNuvem\\ApiRESTToDoList\\src\\Erros\\ErroValidacao.js": {"path":"C:\\Users\\55439\\OneDrive\\Ambiente de Trabalho\\CubosAcademy\\Nodejs\\ProjetosNuvem\\ApiRESTToDoList\\src\\Erros\\ErroValidacao.js","statementMap":{"0":{"start":{"line":1,"column":23},"end":{"line":1,"column":50}},"1":{"start":{"line":5,"column":26},"end":{"line":7,"column":17}},"2":{"start":{"line":6,"column":19},"end":{"line":6,"column":31}},"3":{"start":{"line":8,"column":4},"end":{"line":8,"column":68}},"4":{"start":{"line":12,"column":0},"end":{"line":12,"column":31}}},"fnMap":{"0":{"name":"(anonymous_0)","decl":{"start":{"line":4,"column":2},"end":{"line":4,"column":3}},"loc":{"start":{"line":4,"column":19},"end":{"line":9,"column":3}},"line":4},"1":{"name":"(anonymous_1)","decl":{"start":{"line":6,"column":11},"end":{"line":6,"column":12}},"loc":{"start":{"line":6,"column":19},"end":{"line":6,"column":31}},"line":6}},"branchMap":{},"s":{"0":2,"1":12,"2":13,"3":12,"4":2},"f":{"0":12,"1":13},"b":{},"_coverageSchema":"1a1c01bbd47fc00a2c39e90264f33305004495a9","hash":"0e48a3755421aa18f7a408b1fc9be17ca35936dc"}
,"C:\\Users\\55439\\OneDrive\\Ambiente de Trabalho\\CubosAcademy\\Nodejs\\ProjetosNuvem\\ApiRESTToDoList\\src\\Routes\\categoriaRoute.js": {"path":"C:\\Users\\55439\\OneDrive\\Ambiente de Trabalho\\CubosAcademy\\Nodejs\\ProjetosNuvem\\ApiRESTToDoList\\src\\Routes\\categoriaRoute.js","statementMap":{"0":{"start":{"line":1,"column":28},"end":{"line":1,"column":73}},"1":{"start":{"line":2,"column":15},"end":{"line":2,"column":33}},"2":{"start":{"line":5,"column":15},"end":{"line":5,"column":23}},"3":{"start":{"line":7,"column":0},"end":{"line":15,"column":65}},"4":{"start":{"line":18,"column":0},"end":{"line":18,"column":24}}},"fnMap":{},"branchMap":{},"s":{"0":2,"1":2,"2":2,"3":2,"4":2},"f":{},"b":{},"_coverageSchema":"1a1c01bbd47fc00a2c39e90264f33305004495a9","hash":"ffa8ed016b9f5e00da1a5bd6709c7dff2edcb2d0"}
,"C:\\Users\\55439\\OneDrive\\Ambiente de Trabalho\\CubosAcademy\\Nodejs\\ProjetosNuvem\\ApiRESTToDoList\\src\\Routes\\historicoPrecosRoute.js": {"path":"C:\\Users\\55439\\OneDrive\\Ambiente de Trabalho\\CubosAcademy\\Nodejs\\ProjetosNuvem\\ApiRESTToDoList\\src\\Routes\\historicoPrecosRoute.js","statementMap":{"0":{"start":{"line":1,"column":34},"end":{"line":1,"column":85}},"1":{"start":{"line":2,"column":15},"end":{"line":2,"column":33}},"2":{"start":{"line":5,"column":15},"end":{"line":5,"column":23}},"3":{"start":{"line":7,"column":0},"end":{"line":9,"column":88}},"4":{"start":{"line":12,"column":0},"end":{"line":12,"column":24}}},"fnMap":{},"branchMap":{},"s":{"0":2,"1":2,"2":2,"3":2,"4":2},"f":{},"b":{},"_coverageSchema":"1a1c01bbd47fc00a2c39e90264f33305004495a9","hash":"71f70ae7e2035d57e79b277f4c9021f08edb9c8a"}
,"C:\\Users\\55439\\OneDrive\\Ambiente de Trabalho\\CubosAcademy\\Nodejs\\ProjetosNuvem\\ApiRESTToDoList\\src\\Routes\\historicoQuantidadesRoutes.js": {"path":"C:\\Users\\55439\\OneDrive\\Ambiente de Trabalho\\CubosAcademy\\Nodejs\\ProjetosNuvem\\ApiRESTToDoList\\src\\Routes\\historicoQuantidadesRoutes.js","statementMap":{"0":{"start":{"line":1,"column":39},"end":{"line":1,"column":95}},"1":{"start":{"line":2,"column":15},"end":{"line":2,"column":33}},"2":{"start":{"line":6,"column":15},"end":{"line":6,"column":23}},"3":{"start":{"line":9,"column":0},"end":{"line":11,"column":103}},"4":{"start":{"line":15,"column":0},"end":{"line":15,"column":24}}},"fnMap":{},"branchMap":{},"s":{"0":2,"1":2,"2":2,"3":2,"4":2},"f":{},"b":{},"_coverageSchema":"1a1c01bbd47fc00a2c39e90264f33305004495a9","hash":"6cffd62c4347f486ec6ff90fdd41434586ceec2b"}
,"C:\\Users\\55439\\OneDrive\\Ambiente de Trabalho\\CubosAcademy\\Nodejs\\ProjetosNuvem\\ApiRESTToDoList\\src\\Routes\\index.js": {"path":"C:\\Users\\55439\\OneDrive\\Ambiente de Trabalho\\CubosAcademy\\Nodejs\\ProjetosNuvem\\ApiRESTToDoList\\src\\Routes\\index.js","statementMap":{"0":{"start":{"line":1,"column":12},"end":{"line":1,"column":29}},"1":{"start":{"line":2,"column":19},"end":{"line":2,"column":41}},"2":{"start":{"line":3,"column":17},"end":{"line":3,"column":42}},"3":{"start":{"line":4,"column":19},"end":{"line":4,"column":46}},"4":{"start":{"line":5,"column":24},"end":{"line":5,"column":57}},"5":{"start":{"line":6,"column":29},"end":{"line":6,"column":68}},"6":{"start":{"line":11,"column":0},"end":{"line":18,"column":2}},"7":{"start":{"line":12,"column":2},"end":{"line":17,"column":3}}},"fnMap":{"0":{"name":"(anonymous_0)","decl":{"start":{"line":11,"column":17},"end":{"line":11,"column":18}},"loc":{"start":{"line":11,"column":24},"end":{"line":18,"column":1}},"line":11}},"branchMap":{},"s":{"0":2,"1":2,"2":2,"3":2,"4":2,"5":2,"6":2,"7":2},"f":{"0":2},"b":{},"_coverageSchema":"1a1c01bbd47fc00a2c39e90264f33305004495a9","hash":"a363fbd63ad3607bbc61af3b1bcc18f71f086787"}
,"C:\\Users\\55439\\OneDrive\\Ambiente de Trabalho\\CubosAcademy\\Nodejs\\ProjetosNuvem\\ApiRESTToDoList\\src\\Routes\\produtoRoute.js": {"path":"C:\\Users\\55439\\OneDrive\\Ambiente de Trabalho\\CubosAcademy\\Nodejs\\ProjetosNuvem\\ApiRESTToDoList\\src\\Routes\\produtoRoute.js","statementMap":{"0":{"start":{"line":1,"column":26},"end":{"line":1,"column":69}},"1":{"start":{"line":2,"column":15},"end":{"line":2,"column":33}},"2":{"start":{"line":7,"column":15},"end":{"line":7,"column":23}},"3":{"start":{"line":9,"column":0},"end":{"line":18,"column":59}},"4":{"start":{"line":21,"column":0},"end":{"line":21,"column":24}}},"fnMap":{},"branchMap":{},"s":{"0":2,"1":2,"2":2,"3":2,"4":2},"f":{},"b":{},"_coverageSchema":"1a1c01bbd47fc00a2c39e90264f33305004495a9","hash":"9a7cfa734706e9298737b2c3a8f5cfef5ae24765"}
,"C:\\Users\\55439\\OneDrive\\Ambiente de Trabalho\\CubosAcademy\\Nodejs\\ProjetosNuvem\\ApiRESTToDoList\\src\\controllers\\CategoriaController.js": {"path":"C:\\Users\\55439\\OneDrive\\Ambiente de Trabalho\\CubosAcademy\\Nodejs\\ProjetosNuvem\\ApiRESTToDoList\\src\\controllers\\CategoriaController.js","statementMap":{"0":{"start":{"line":1,"column":17},"end":{"line":1,"column":37}},"1":{"start":{"line":2,"column":27},"end":{"line":2,"column":49}},"2":{"start":{"line":3,"column":25},"end":{"line":3,"column":47}},"3":{"start":{"line":4,"column":17},"end":{"line":4,"column":45}},"4":{"start":{"line":5,"column":23},"end":{"line":5,"column":57}},"5":{"start":{"line":12,"column":4},"end":{"line":20,"column":5}},"6":{"start":{"line":13,"column":34},"end":{"line":13,"column":72}},"7":{"start":{"line":14,"column":6},"end":{"line":16,"column":7}},"8":{"start":{"line":15,"column":8},"end":{"line":15,"column":43}},"9":{"start":{"line":17,"column":6},"end":{"line":17,"column":48}},"10":{"start":{"line":19,"column":6},"end":{"line":19,"column":17}},"11":{"start":{"line":23,"column":4},"end":{"line":33,"column":5}},"12":{"start":{"line":24,"column":21},"end":{"line":24,"column":31}},"13":{"start":{"line":25,"column":33},"end":{"line":25,"column":74}},"14":{"start":{"line":26,"column":6},"end":{"line":30,"column":7}},"15":{"start":{"line":27,"column":8},"end":{"line":27,"column":68}},"16":{"start":{"line":29,"column":8},"end":{"line":29,"column":49}},"17":{"start":{"line":32,"column":6},"end":{"line":32,"column":17}},"18":{"start":{"line":36,"column":4},"end":{"line":44,"column":5}},"19":{"start":{"line":37,"column":33},"end":{"line":37,"column":79}},"20":{"start":{"line":38,"column":6},"end":{"line":40,"column":7}},"21":{"start":{"line":39,"column":8},"end":{"line":39,"column":49}},"22":{"start":{"line":41,"column":6},"end":{"line":41,"column":47}},"23":{"start":{"line":43,"column":6},"end":{"line":43,"column":17}},"24":{"start":{"line":56,"column":4},"end":{"line":66,"column":5}},"25":{"start":{"line":57,"column":33},"end":{"line":57,"column":41}},"26":{"start":{"line":58,"column":28},"end":{"line":58,"column":83}},"27":{"start":{"line":59,"column":6},"end":{"line":63,"column":7}},"28":{"start":{"line":60,"column":8},"end":{"line":60,"column":43}},"29":{"start":{"line":62,"column":8},"end":{"line":62,"column":44}},"30":{"start":{"line":65,"column":6},"end":{"line":65,"column":17}},"31":{"start":{"line":69,"column":4},"end":{"line":80,"column":5}},"32":{"start":{"line":70,"column":21},"end":{"line":70,"column":31}},"33":{"start":{"line":71,"column":24},"end":{"line":71,"column":65}},"34":{"start":{"line":72,"column":6},"end":{"line":76,"column":7}},"35":{"start":{"line":73,"column":8},"end":{"line":73,"column":68}},"36":{"start":{"line":75,"column":8},"end":{"line":75,"column":31}},"37":{"start":{"line":79,"column":6},"end":{"line":79,"column":33}},"38":{"start":{"line":83,"column":4},"end":{"line":94,"column":5}},"39":{"start":{"line":84,"column":21},"end":{"line":84,"column":31}},"40":{"start":{"line":85,"column":24},"end":{"line":85,"column":67}},"41":{"start":{"line":86,"column":6},"end":{"line":86,"column":30}},"42":{"start":{"line":87,"column":6},"end":{"line":91,"column":7}},"43":{"start":{"line":88,"column":8},"end":{"line":88,"column":68}},"44":{"start":{"line":90,"column":8},"end":{"line":90,"column":76}},"45":{"start":{"line":93,"column":6},"end":{"line":93,"column":17}},"46":{"start":{"line":97,"column":4},"end":{"line":110,"column":5}},"47":{"start":{"line":98,"column":31},"end":{"line":98,"column":39}},"48":{"start":{"line":99,"column":21},"end":{"line":99,"column":31}},"49":{"start":{"line":100,"column":24},"end":{"line":100,"column":85}},"50":{"start":{"line":101,"column":6},"end":{"line":101,"column":29}},"51":{"start":{"line":102,"column":6},"end":{"line":107,"column":7}},"52":{"start":{"line":103,"column":8},"end":{"line":103,"column":68}},"53":{"start":{"line":106,"column":8},"end":{"line":106,"column":76}},"54":{"start":{"line":109,"column":6},"end":{"line":109,"column":17}},"55":{"start":{"line":113,"column":4},"end":{"line":122,"column":5}},"56":{"start":{"line":114,"column":21},"end":{"line":114,"column":31}},"57":{"start":{"line":115,"column":24},"end":{"line":115,"column":69}},"58":{"start":{"line":116,"column":6},"end":{"line":118,"column":7}},"59":{"start":{"line":117,"column":8},"end":{"line":117,"column":68}},"60":{"start":{"line":119,"column":6},"end":{"line":119,"column":29}},"61":{"start":{"line":121,"column":6},"end":{"line":121,"column":17}},"62":{"start":{"line":126,"column":0},"end":{"line":126,"column":37}}},"fnMap":{"0":{"name":"(anonymous_0)","decl":{"start":{"line":11,"column":2},"end":{"line":11,"column":3}},"loc":{"start":{"line":11,"column":46},"end":{"line":21,"column":3}},"line":11},"1":{"name":"(anonymous_1)","decl":{"start":{"line":22,"column":2},"end":{"line":22,"column":3}},"loc":{"start":{"line":22,"column":49},"end":{"line":34,"column":3}},"line":22},"2":{"name":"(anonymous_2)","decl":{"start":{"line":35,"column":2},"end":{"line":35,"column":3}},"loc":{"start":{"line":35,"column":60},"end":{"line":45,"column":3}},"line":35},"3":{"name":"(anonymous_3)","decl":{"start":{"line":55,"column":2},"end":{"line":55,"column":3}},"loc":{"start":{"line":55,"column":45},"end":{"line":67,"column":3}},"line":55},"4":{"name":"(anonymous_4)","decl":{"start":{"line":68,"column":2},"end":{"line":68,"column":3}},"loc":{"start":{"line":68,"column":47},"end":{"line":81,"column":3}},"line":68},"5":{"name":"(anonymous_5)","decl":{"start":{"line":82,"column":2},"end":{"line":82,"column":3}},"loc":{"start":{"line":82,"column":50},"end":{"line":95,"column":3}},"line":82},"6":{"name":"(anonymous_6)","decl":{"start":{"line":96,"column":2},"end":{"line":96,"column":3}},"loc":{"start":{"line":96,"column":49},"end":{"line":111,"column":3}},"line":96},"7":{"name":"(anonymous_7)","decl":{"start":{"line":112,"column":2},"end":{"line":112,"column":3}},"loc":{"start":{"line":112,"column":54},"end":{"line":123,"column":3}},"line":112}},"branchMap":{"0":{"loc":{"start":{"line":14,"column":6},"end":{"line":16,"column":7}},"type":"if","locations":[{"start":{"line":14,"column":6},"end":{"line":16,"column":7}},{"start":{},"end":{}}],"line":14},"1":{"loc":{"start":{"line":26,"column":6},"end":{"line":30,"column":7}},"type":"if","locations":[{"start":{"line":26,"column":6},"end":{"line":30,"column":7}},{"start":{"line":28,"column":11},"end":{"line":30,"column":7}}],"line":26},"2":{"loc":{"start":{"line":38,"column":6},"end":{"line":40,"column":7}},"type":"if","locations":[{"start":{"line":38,"column":6},"end":{"line":40,"column":7}},{"start":{},"end":{}}],"line":38},"3":{"loc":{"start":{"line":59,"column":6},"end":{"line":63,"column":7}},"type":"if","locations":[{"start":{"line":59,"column":6},"end":{"line":63,"column":7}},{"start":{"line":61,"column":11},"end":{"line":63,"column":7}}],"line":59},"4":{"loc":{"start":{"line":72,"column":6},"end":{"line":76,"column":7}},"type":"if","locations":[{"start":{"line":72,"column":6},"end":{"line":76,"column":7}},{"start":{"line":74,"column":11},"end":{"line":76,"column":7}}],"line":72},"5":{"loc":{"start":{"line":87,"column":6},"end":{"line":91,"column":7}},"type":"if","locations":[{"start":{"line":87,"column":6},"end":{"line":91,"column":7}},{"start":{"line":89,"column":11},"end":{"line":91,"column":7}}],"line":87},"6":{"loc":{"start":{"line":102,"column":6},"end":{"line":107,"column":7}},"type":"if","locations":[{"start":{"line":102,"column":6},"end":{"line":107,"column":7}},{"start":{"line":105,"column":10},"end":{"line":107,"column":7}}],"line":102},"7":{"loc":{"start":{"line":116,"column":6},"end":{"line":118,"column":7}},"type":"if","locations":[{"start":{"line":116,"column":6},"end":{"line":118,"column":7}},{"start":{},"end":{}}],"line":116}},"s":{"0":2,"1":2,"2":2,"3":2,"4":2,"5":1,"6":1,"7":1,"8":0,"9":1,"10":0,"11":3,"12":3,"13":3,"14":3,"15":1,"16":2,"17":0,"18":0,"19":0,"20":0,"21":0,"22":0,"23":0,"24":12,"25":12,"26":12,"27":1,"28":0,"29":1,"30":11,"31":2,"32":2,"33":2,"34":2,"35":1,"36":1,"37":0,"38":2,"39":2,"40":2,"41":2,"42":2,"43":1,"44":1,"45":0,"46":3,"47":3,"48":3,"49":3,"50":2,"51":2,"52":1,"53":1,"54":1,"55":1,"56":1,"57":1,"58":1,"59":0,"60":1,"61":0,"62":2},"f":{"0":1,"1":3,"2":0,"3":12,"4":2,"5":2,"6":3,"7":1},"b":{"0":[0,1],"1":[1,2],"2":[0,0],"3":[0,1],"4":[1,1],"5":[1,1],"6":[1,1],"7":[0,1]},"_coverageSchema":"1a1c01bbd47fc00a2c39e90264f33305004495a9","hash":"3d9c78b1d980d12af06d063a17e19370a8802bc4"}
,"C:\\Users\\55439\\OneDrive\\Ambiente de Trabalho\\CubosAcademy\\Nodejs\\ProjetosNuvem\\ApiRESTToDoList\\src\\controllers\\HistoricoPrecosController.js": {"path":"C:\\Users\\55439\\OneDrive\\Ambiente de Trabalho\\CubosAcademy\\Nodejs\\ProjetosNuvem\\ApiRESTToDoList\\src\\controllers\\HistoricoPrecosController.js","statementMap":{"0":{"start":{"line":1,"column":17},"end":{"line":1,"column":45}},"1":{"start":{"line":2,"column":31},"end":{"line":2,"column":77}},"2":{"start":{"line":5,"column":31},"end":{"line":5,"column":59}},"3":{"start":{"line":10,"column":4},"end":{"line":18,"column":5}},"4":{"start":{"line":11,"column":39},"end":{"line":11,"column":83}},"5":{"start":{"line":12,"column":6},"end":{"line":14,"column":7}},"6":{"start":{"line":13,"column":8},"end":{"line":13,"column":43}},"7":{"start":{"line":15,"column":6},"end":{"line":15,"column":53}},"8":{"start":{"line":17,"column":6},"end":{"line":17,"column":17}},"9":{"start":{"line":21,"column":4},"end":{"line":31,"column":5}},"10":{"start":{"line":22,"column":21},"end":{"line":22,"column":31}},"11":{"start":{"line":23,"column":40},"end":{"line":24,"column":28}},"12":{"start":{"line":25,"column":6},"end":{"line":27,"column":7}},"13":{"start":{"line":26,"column":8},"end":{"line":26,"column":43}},"14":{"start":{"line":28,"column":6},"end":{"line":28,"column":54}},"15":{"start":{"line":30,"column":6},"end":{"line":30,"column":17}},"16":{"start":{"line":36,"column":0},"end":{"line":36,"column":43}}},"fnMap":{"0":{"name":"(anonymous_0)","decl":{"start":{"line":9,"column":2},"end":{"line":9,"column":3}},"loc":{"start":{"line":9,"column":51},"end":{"line":19,"column":3}},"line":9},"1":{"name":"(anonymous_1)","decl":{"start":{"line":20,"column":2},"end":{"line":20,"column":3}},"loc":{"start":{"line":20,"column":61},"end":{"line":32,"column":3}},"line":20}},"branchMap":{"0":{"loc":{"start":{"line":12,"column":6},"end":{"line":14,"column":7}},"type":"if","locations":[{"start":{"line":12,"column":6},"end":{"line":14,"column":7}},{"start":{},"end":{}}],"line":12},"1":{"loc":{"start":{"line":25,"column":6},"end":{"line":27,"column":7}},"type":"if","locations":[{"start":{"line":25,"column":6},"end":{"line":27,"column":7}},{"start":{},"end":{}}],"line":25}},"s":{"0":2,"1":2,"2":2,"3":0,"4":0,"5":0,"6":0,"7":0,"8":0,"9":0,"10":0,"11":0,"12":0,"13":0,"14":0,"15":0,"16":2},"f":{"0":0,"1":0},"b":{"0":[0,0],"1":[0,0]},"_coverageSchema":"1a1c01bbd47fc00a2c39e90264f33305004495a9","hash":"8a64c77d593896c74507e206e2f2be9162376e52"}
,"C:\\Users\\55439\\OneDrive\\Ambiente de Trabalho\\CubosAcademy\\Nodejs\\ProjetosNuvem\\ApiRESTToDoList\\src\\controllers\\HistoricoQuantidadesController.js": {"path":"C:\\Users\\55439\\OneDrive\\Ambiente de Trabalho\\CubosAcademy\\Nodejs\\ProjetosNuvem\\ApiRESTToDoList\\src\\controllers\\HistoricoQuantidadesController.js","statementMap":{"0":{"start":{"line":1,"column":17},"end":{"line":1,"column":45}},"1":{"start":{"line":2,"column":36},"end":{"line":2,"column":87}},"2":{"start":{"line":5,"column":36},"end":{"line":5,"column":69}},"3":{"start":{"line":10,"column":4},"end":{"line":18,"column":5}},"4":{"start":{"line":11,"column":44},"end":{"line":11,"column":93}},"5":{"start":{"line":12,"column":6},"end":{"line":14,"column":7}},"6":{"start":{"line":13,"column":8},"end":{"line":13,"column":43}},"7":{"start":{"line":15,"column":6},"end":{"line":15,"column":58}},"8":{"start":{"line":17,"column":6},"end":{"line":17,"column":17}},"9":{"start":{"line":21,"column":4},"end":{"line":31,"column":5}},"10":{"start":{"line":22,"column":21},"end":{"line":22,"column":31}},"11":{"start":{"line":23,"column":44},"end":{"line":24,"column":28}},"12":{"start":{"line":25,"column":6},"end":{"line":27,"column":7}},"13":{"start":{"line":26,"column":8},"end":{"line":26,"column":43}},"14":{"start":{"line":28,"column":6},"end":{"line":28,"column":58}},"15":{"start":{"line":30,"column":6},"end":{"line":30,"column":17}},"16":{"start":{"line":36,"column":0},"end":{"line":36,"column":48}}},"fnMap":{"0":{"name":"(anonymous_0)","decl":{"start":{"line":9,"column":2},"end":{"line":9,"column":3}},"loc":{"start":{"line":9,"column":56},"end":{"line":19,"column":3}},"line":9},"1":{"name":"(anonymous_1)","decl":{"start":{"line":20,"column":2},"end":{"line":20,"column":3}},"loc":{"start":{"line":20,"column":66},"end":{"line":32,"column":3}},"line":20}},"branchMap":{"0":{"loc":{"start":{"line":12,"column":6},"end":{"line":14,"column":7}},"type":"if","locations":[{"start":{"line":12,"column":6},"end":{"line":14,"column":7}},{"start":{},"end":{}}],"line":12},"1":{"loc":{"start":{"line":25,"column":6},"end":{"line":27,"column":7}},"type":"if","locations":[{"start":{"line":25,"column":6},"end":{"line":27,"column":7}},{"start":{},"end":{}}],"line":25}},"s":{"0":2,"1":2,"2":2,"3":0,"4":0,"5":0,"6":0,"7":0,"8":0,"9":0,"10":0,"11":0,"12":0,"13":0,"14":0,"15":0,"16":2},"f":{"0":0,"1":0},"b":{"0":[0,0],"1":[0,0]},"_coverageSchema":"1a1c01bbd47fc00a2c39e90264f33305004495a9","hash":"e2db13783c2f42084a3d7180e6b136963c1ad86e"}
,"C:\\Users\\55439\\OneDrive\\Ambiente de Trabalho\\CubosAcademy\\Nodejs\\ProjetosNuvem\\ApiRESTToDoList\\src\\controllers\\ProdutoController.js": {"path":"C:\\Users\\55439\\OneDrive\\Ambiente de Trabalho\\CubosAcademy\\Nodejs\\ProjetosNuvem\\ApiRESTToDoList\\src\\controllers\\ProdutoController.js","statementMap":{"0":{"start":{"line":1,"column":17},"end":{"line":1,"column":45}},"1":{"start":{"line":2,"column":23},"end":{"line":2,"column":57}},"2":{"start":{"line":3,"column":17},"end":{"line":3,"column":37}},"3":{"start":{"line":4,"column":25},"end":{"line":4,"column":47}},"4":{"start":{"line":5,"column":23},"end":{"line":5,"column":43}},"5":{"start":{"line":10,"column":4},"end":{"line":18,"column":5}},"6":{"start":{"line":11,"column":32},"end":{"line":11,"column":68}},"7":{"start":{"line":12,"column":6},"end":{"line":14,"column":7}},"8":{"start":{"line":13,"column":8},"end":{"line":13,"column":43}},"9":{"start":{"line":15,"column":6},"end":{"line":15,"column":46}},"10":{"start":{"line":17,"column":6},"end":{"line":17,"column":17}},"11":{"start":{"line":21,"column":4},"end":{"line":30,"column":5}},"12":{"start":{"line":22,"column":32},"end":{"line":22,"column":75}},"13":{"start":{"line":23,"column":6},"end":{"line":25,"column":7}},"14":{"start":{"line":24,"column":8},"end":{"line":24,"column":49}},"15":{"start":{"line":27,"column":6},"end":{"line":27,"column":46}},"16":{"start":{"line":29,"column":6},"end":{"line":29,"column":17}},"17":{"start":{"line":33,"column":4},"end":{"line":42,"column":5}},"18":{"start":{"line":34,"column":32},"end":{"line":34,"column":78}},"19":{"start":{"line":35,"column":6},"end":{"line":39,"column":7}},"20":{"start":{"line":36,"column":8},"end":{"line":36,"column":49}},"21":{"start":{"line":38,"column":8},"end":{"line":38,"column":48}},"22":{"start":{"line":41,"column":6},"end":{"line":41,"column":17}},"23":{"start":{"line":45,"column":4},"end":{"line":54,"column":5}},"24":{"start":{"line":46,"column":21},"end":{"line":46,"column":31}},"25":{"start":{"line":47,"column":32},"end":{"line":47,"column":71}},"26":{"start":{"line":48,"column":6},"end":{"line":50,"column":7}},"27":{"start":{"line":49,"column":8},"end":{"line":49,"column":68}},"28":{"start":{"line":51,"column":6},"end":{"line":51,"column":46}},"29":{"start":{"line":53,"column":6},"end":{"line":53,"column":17}},"30":{"start":{"line":57,"column":4},"end":{"line":66,"column":5}},"31":{"start":{"line":58,"column":31},"end":{"line":58,"column":39}},"32":{"start":{"line":59,"column":26},"end":{"line":59,"column":77}},"33":{"start":{"line":60,"column":6},"end":{"line":62,"column":7}},"34":{"start":{"line":61,"column":8},"end":{"line":61,"column":43}},"35":{"start":{"line":63,"column":6},"end":{"line":63,"column":40}},"36":{"start":{"line":65,"column":6},"end":{"line":65,"column":17}},"37":{"start":{"line":69,"column":4},"end":{"line":78,"column":5}},"38":{"start":{"line":70,"column":21},"end":{"line":70,"column":31}},"39":{"start":{"line":71,"column":24},"end":{"line":71,"column":63}},"40":{"start":{"line":72,"column":6},"end":{"line":74,"column":7}},"41":{"start":{"line":73,"column":8},"end":{"line":73,"column":68}},"42":{"start":{"line":75,"column":6},"end":{"line":75,"column":82}},"43":{"start":{"line":77,"column":6},"end":{"line":77,"column":17}},"44":{"start":{"line":81,"column":4},"end":{"line":90,"column":5}},"45":{"start":{"line":82,"column":21},"end":{"line":82,"column":31}},"46":{"start":{"line":83,"column":24},"end":{"line":83,"column":65}},"47":{"start":{"line":84,"column":6},"end":{"line":86,"column":7}},"48":{"start":{"line":85,"column":8},"end":{"line":85,"column":68}},"49":{"start":{"line":87,"column":6},"end":{"line":87,"column":72}},"50":{"start":{"line":89,"column":6},"end":{"line":89,"column":17}},"51":{"start":{"line":93,"column":4},"end":{"line":104,"column":5}},"52":{"start":{"line":94,"column":31},"end":{"line":94,"column":39}},"53":{"start":{"line":95,"column":21},"end":{"line":95,"column":31}},"54":{"start":{"line":96,"column":25},"end":{"line":96,"column":83}},"55":{"start":{"line":97,"column":6},"end":{"line":101,"column":7}},"56":{"start":{"line":98,"column":8},"end":{"line":98,"column":68}},"57":{"start":{"line":100,"column":8},"end":{"line":100,"column":74}},"58":{"start":{"line":103,"column":6},"end":{"line":103,"column":17}},"59":{"start":{"line":107,"column":4},"end":{"line":116,"column":5}},"60":{"start":{"line":108,"column":21},"end":{"line":108,"column":31}},"61":{"start":{"line":109,"column":24},"end":{"line":109,"column":67}},"62":{"start":{"line":110,"column":6},"end":{"line":112,"column":7}},"63":{"start":{"line":111,"column":8},"end":{"line":111,"column":68}},"64":{"start":{"line":113,"column":6},"end":{"line":113,"column":29}},"65":{"start":{"line":115,"column":6},"end":{"line":115,"column":17}},"66":{"start":{"line":145,"column":0},"end":{"line":145,"column":35}}},"fnMap":{"0":{"name":"(anonymous_0)","decl":{"start":{"line":9,"column":2},"end":{"line":9,"column":3}},"loc":{"start":{"line":9,"column":44},"end":{"line":19,"column":3}},"line":9},"1":{"name":"(anonymous_1)","decl":{"start":{"line":20,"column":2},"end":{"line":20,"column":3}},"loc":{"start":{"line":20,"column":58},"end":{"line":31,"column":3}},"line":20},"2":{"name":"(anonymous_2)","decl":{"start":{"line":32,"column":2},"end":{"line":32,"column":3}},"loc":{"start":{"line":32,"column":44},"end":{"line":43,"column":3}},"line":32},"3":{"name":"(anonymous_3)","decl":{"start":{"line":44,"column":2},"end":{"line":44,"column":3}},"loc":{"start":{"line":44,"column":46},"end":{"line":55,"column":3}},"line":44},"4":{"name":"(anonymous_4)","decl":{"start":{"line":56,"column":2},"end":{"line":56,"column":3}},"loc":{"start":{"line":56,"column":43},"end":{"line":67,"column":3}},"line":56},"5":{"name":"(anonymous_5)","decl":{"start":{"line":68,"column":2},"end":{"line":68,"column":3}},"loc":{"start":{"line":68,"column":45},"end":{"line":79,"column":3}},"line":68},"6":{"name":"(anonymous_6)","decl":{"start":{"line":80,"column":2},"end":{"line":80,"column":3}},"loc":{"start":{"line":80,"column":48},"end":{"line":91,"column":3}},"line":80},"7":{"name":"(anonymous_7)","decl":{"start":{"line":92,"column":2},"end":{"line":92,"column":3}},"loc":{"start":{"line":92,"column":47},"end":{"line":105,"column":3}},"line":92},"8":{"name":"(anonymous_8)","decl":{"start":{"line":106,"column":2},"end":{"line":106,"column":3}},"loc":{"start":{"line":106,"column":52},"end":{"line":117,"column":3}},"line":106}},"branchMap":{"0":{"loc":{"start":{"line":12,"column":6},"end":{"line":14,"column":7}},"type":"if","locations":[{"start":{"line":12,"column":6},"end":{"line":14,"column":7}},{"start":{},"end":{}}],"line":12},"1":{"loc":{"start":{"line":23,"column":6},"end":{"line":25,"column":7}},"type":"if","locations":[{"start":{"line":23,"column":6},"end":{"line":25,"column":7}},{"start":{},"end":{}}],"line":23},"2":{"loc":{"start":{"line":35,"column":6},"end":{"line":39,"column":7}},"type":"if","locations":[{"start":{"line":35,"column":6},"end":{"line":39,"column":7}},{"start":{"line":37,"column":11},"end":{"line":39,"column":7}}],"line":35},"3":{"loc":{"start":{"line":48,"column":6},"end":{"line":50,"column":7}},"type":"if","locations":[{"start":{"line":48,"column":6},"end":{"line":50,"column":7}},{"start":{},"end":{}}],"line":48},"4":{"loc":{"start":{"line":60,"column":6},"end":{"line":62,"column":7}},"type":"if","locations":[{"start":{"line":60,"column":6},"end":{"line":62,"column":7}},{"start":{},"end":{}}],"line":60},"5":{"loc":{"start":{"line":72,"column":6},"end":{"line":74,"column":7}},"type":"if","locations":[{"start":{"line":72,"column":6},"end":{"line":74,"column":7}},{"start":{},"end":{}}],"line":72},"6":{"loc":{"start":{"line":84,"column":6},"end":{"line":86,"column":7}},"type":"if","locations":[{"start":{"line":84,"column":6},"end":{"line":86,"column":7}},{"start":{},"end":{}}],"line":84},"7":{"loc":{"start":{"line":97,"column":6},"end":{"line":101,"column":7}},"type":"if","locations":[{"start":{"line":97,"column":6},"end":{"line":101,"column":7}},{"start":{"line":99,"column":11},"end":{"line":101,"column":7}}],"line":97},"8":{"loc":{"start":{"line":110,"column":6},"end":{"line":112,"column":7}},"type":"if","locations":[{"start":{"line":110,"column":6},"end":{"line":112,"column":7}},{"start":{},"end":{}}],"line":110}},"s":{"0":2,"1":2,"2":2,"3":2,"4":2,"5":0,"6":0,"7":0,"8":0,"9":0,"10":0,"11":0,"12":0,"13":0,"14":0,"15":0,"16":0,"17":0,"18":0,"19":0,"20":0,"21":0,"22":0,"23":0,"24":0,"25":0,"26":0,"27":0,"28":0,"29":0,"30":0,"31":0,"32":0,"33":0,"34":0,"35":0,"36":0,"37":0,"38":0,"39":0,"40":0,"41":0,"42":0,"43":0,"44":0,"45":0,"46":0,"47":0,"48":0,"49":0,"50":0,"51":0,"52":0,"53":0,"54":0,"55":0,"56":0,"57":0,"58":0,"59":0,"60":0,"61":0,"62":0,"63":0,"64":0,"65":0,"66":2},"f":{"0":0,"1":0,"2":0,"3":0,"4":0,"5":0,"6":0,"7":0,"8":0},"b":{"0":[0,0],"1":[0,0],"2":[0,0],"3":[0,0],"4":[0,0],"5":[0,0],"6":[0,0],"7":[0,0],"8":[0,0]},"_coverageSchema":"1a1c01bbd47fc00a2c39e90264f33305004495a9","hash":"47db4cf94d7a309b2c4fba24caca766bcb86d6de"}
,"C:\\Users\\55439\\OneDrive\\Ambiente de Trabalho\\CubosAcademy\\Nodejs\\ProjetosNuvem\\ApiRESTToDoList\\src\\middlewares\\manipulador404.js": {"path":"C:\\Users\\55439\\OneDrive\\Ambiente de Trabalho\\CubosAcademy\\Nodejs\\ProjetosNuvem\\ApiRESTToDoList\\src\\middlewares\\manipulador404.js","statementMap":{"0":{"start":{"line":1,"column":32},"end":{"line":1,"column":75}},"1":{"start":{"line":4,"column":18},"end":{"line":4,"column":67}},"2":{"start":{"line":5,"column":2},"end":{"line":5,"column":16}},"3":{"start":{"line":8,"column":0},"end":{"line":8,"column":32}}},"fnMap":{"0":{"name":"manipulador404","decl":{"start":{"line":3,"column":9},"end":{"line":3,"column":23}},"loc":{"start":{"line":3,"column":39},"end":{"line":6,"column":1}},"line":3}},"branchMap":{},"s":{"0":2,"1":1,"2":1,"3":2},"f":{"0":1},"b":{},"_coverageSchema":"1a1c01bbd47fc00a2c39e90264f33305004495a9","hash":"37bc6d5e4bcbe77c8a49125acc3f5e997eff0263"}
,"C:\\Users\\55439\\OneDrive\\Ambiente de Trabalho\\CubosAcademy\\Nodejs\\ProjetosNuvem\\ApiRESTToDoList\\src\\middlewares\\manipuladorDeErros.js": {"path":"C:\\Users\\55439\\OneDrive\\Ambiente de Trabalho\\CubosAcademy\\Nodejs\\ProjetosNuvem\\ApiRESTToDoList\\src\\middlewares\\manipuladorDeErros.js","statementMap":{"0":{"start":{"line":1,"column":28},"end":{"line":1,"column":48}},"1":{"start":{"line":2,"column":23},"end":{"line":2,"column":57}},"2":{"start":{"line":3,"column":32},"end":{"line":3,"column":75}},"3":{"start":{"line":4,"column":22},"end":{"line":4,"column":55}},"4":{"start":{"line":5,"column":17},"end":{"line":5,"column":45}},"5":{"start":{"line":8,"column":2},"end":{"line":12,"column":3}},"6":{"start":{"line":9,"column":4},"end":{"line":9,"column":48}},"7":{"start":{"line":11,"column":4},"end":{"line":11,"column":39}},"8":{"start":{"line":15,"column":0},"end":{"line":15,"column":36}}},"fnMap":{"0":{"name":"manipuladorDeErros","decl":{"start":{"line":7,"column":9},"end":{"line":7,"column":27}},"loc":{"start":{"line":7,"column":50},"end":{"line":13,"column":1}},"line":7}},"branchMap":{"0":{"loc":{"start":{"line":8,"column":2},"end":{"line":12,"column":3}},"type":"if","locations":[{"start":{"line":8,"column":2},"end":{"line":12,"column":3}},{"start":{"line":10,"column":7},"end":{"line":12,"column":3}}],"line":8}},"s":{"0":2,"1":2,"2":2,"3":2,"4":2,"5":12,"6":12,"7":0,"8":2},"f":{"0":12},"b":{"0":[12,0]},"_coverageSchema":"1a1c01bbd47fc00a2c39e90264f33305004495a9","hash":"6e5122a32c607aaca4df1b5b0c417c658b17005f"}
,"C:\\Users\\55439\\OneDrive\\Ambiente de Trabalho\\CubosAcademy\\Nodejs\\ProjetosNuvem\\ApiRESTToDoList\\src\\models\\Categorias.js": {"path":"C:\\Users\\55439\\OneDrive\\Ambiente de Trabalho\\CubosAcademy\\Nodejs\\ProjetosNuvem\\ApiRESTToDoList\\src\\models\\Categorias.js","statementMap":{"0":{"start":{"line":4,"column":4},"end":{"line":4,"column":24}},"1":{"start":{"line":5,"column":0},"end":{"line":38,"column":2}},"2":{"start":{"line":9,"column":6},"end":{"line":11,"column":8}},"3":{"start":{"line":14,"column":2},"end":{"line":36,"column":5}},"4":{"start":{"line":37,"column":2},"end":{"line":37,"column":20}}},"fnMap":{"0":{"name":"(anonymous_0)","decl":{"start":{"line":5,"column":17},"end":{"line":5,"column":18}},"loc":{"start":{"line":5,"column":43},"end":{"line":38,"column":1}},"line":5},"1":{"name":"(anonymous_1)","decl":{"start":{"line":8,"column":4},"end":{"line":8,"column":5}},"loc":{"start":{"line":8,"column":29},"end":{"line":12,"column":5}},"line":8}},"branchMap":{},"s":{"0":2,"1":2,"2":2,"3":2,"4":2},"f":{"0":2,"1":2},"b":{},"_coverageSchema":"1a1c01bbd47fc00a2c39e90264f33305004495a9","hash":"ee39af15bd9900599e1638afb1d0012e8d2c2896"}
,"C:\\Users\\55439\\OneDrive\\Ambiente de Trabalho\\CubosAcademy\\Nodejs\\ProjetosNuvem\\ApiRESTToDoList\\src\\models\\HistoricoPrecos.js": {"path":"C:\\Users\\55439\\OneDrive\\Ambiente de Trabalho\\CubosAcademy\\Nodejs\\ProjetosNuvem\\ApiRESTToDoList\\src\\models\\HistoricoPrecos.js","statementMap":{"0":{"start":{"line":4,"column":4},"end":{"line":4,"column":24}},"1":{"start":{"line":5,"column":0},"end":{"line":29,"column":2}},"2":{"start":{"line":13,"column":6},"end":{"line":15,"column":8}},"3":{"start":{"line":18,"column":2},"end":{"line":27,"column":5}},"4":{"start":{"line":28,"column":2},"end":{"line":28,"column":25}}},"fnMap":{"0":{"name":"(anonymous_0)","decl":{"start":{"line":5,"column":17},"end":{"line":5,"column":18}},"loc":{"start":{"line":5,"column":43},"end":{"line":29,"column":1}},"line":5},"1":{"name":"(anonymous_1)","decl":{"start":{"line":12,"column":4},"end":{"line":12,"column":5}},"loc":{"start":{"line":12,"column":29},"end":{"line":16,"column":5}},"line":12}},"branchMap":{},"s":{"0":2,"1":2,"2":2,"3":2,"4":2},"f":{"0":2,"1":2},"b":{},"_coverageSchema":"1a1c01bbd47fc00a2c39e90264f33305004495a9","hash":"cf4c5b935d606a9d3114edf526474b3a945b7e5f"}
,"C:\\Users\\55439\\OneDrive\\Ambiente de Trabalho\\CubosAcademy\\Nodejs\\ProjetosNuvem\\ApiRESTToDoList\\src\\models\\HistoricoQuantidades.js": {"path":"C:\\Users\\55439\\OneDrive\\Ambiente de Trabalho\\CubosAcademy\\Nodejs\\ProjetosNuvem\\ApiRESTToDoList\\src\\models\\HistoricoQuantidades.js","statementMap":{"0":{"start":{"line":4,"column":4},"end":{"line":4,"column":24}},"1":{"start":{"line":5,"column":0},"end":{"line":29,"column":2}},"2":{"start":{"line":13,"column":6},"end":{"line":15,"column":8}},"3":{"start":{"line":18,"column":2},"end":{"line":27,"column":5}},"4":{"start":{"line":28,"column":2},"end":{"line":28,"column":30}}},"fnMap":{"0":{"name":"(anonymous_0)","decl":{"start":{"line":5,"column":17},"end":{"line":5,"column":18}},"loc":{"start":{"line":5,"column":43},"end":{"line":29,"column":1}},"line":5},"1":{"name":"(anonymous_1)","decl":{"start":{"line":12,"column":4},"end":{"line":12,"column":5}},"loc":{"start":{"line":12,"column":29},"end":{"line":16,"column":5}},"line":12}},"branchMap":{},"s":{"0":2,"1":2,"2":2,"3":2,"4":2},"f":{"0":2,"1":2},"b":{},"_coverageSchema":"1a1c01bbd47fc00a2c39e90264f33305004495a9","hash":"3dc1348e94712c9b67f0bf238321b9f3d7629b01"}
,"C:\\Users\\55439\\OneDrive\\Ambiente de Trabalho\\CubosAcademy\\Nodejs\\ProjetosNuvem\\ApiRESTToDoList\\src\\models\\Produtos.js": {"path":"C:\\Users\\55439\\OneDrive\\Ambiente de Trabalho\\CubosAcademy\\Nodejs\\ProjetosNuvem\\ApiRESTToDoList\\src\\models\\Produtos.js","statementMap":{"0":{"start":{"line":4,"column":4},"end":{"line":4,"column":24}},"1":{"start":{"line":5,"column":0},"end":{"line":63,"column":2}},"2":{"start":{"line":13,"column":6},"end":{"line":15,"column":8}},"3":{"start":{"line":16,"column":6},"end":{"line":18,"column":8}},"4":{"start":{"line":19,"column":6},"end":{"line":21,"column":8}},"5":{"start":{"line":24,"column":2},"end":{"line":61,"column":5}},"6":{"start":{"line":62,"column":2},"end":{"line":62,"column":18}}},"fnMap":{"0":{"name":"(anonymous_0)","decl":{"start":{"line":5,"column":17},"end":{"line":5,"column":18}},"loc":{"start":{"line":5,"column":43},"end":{"line":63,"column":1}},"line":5},"1":{"name":"(anonymous_1)","decl":{"start":{"line":12,"column":4},"end":{"line":12,"column":5}},"loc":{"start":{"line":12,"column":29},"end":{"line":22,"column":5}},"line":12}},"branchMap":{},"s":{"0":2,"1":2,"2":2,"3":2,"4":2,"5":2,"6":2},"f":{"0":2,"1":2},"b":{},"_coverageSchema":"1a1c01bbd47fc00a2c39e90264f33305004495a9","hash":"c691b371983594f8373f077867a3c0bf76bfc78e"}
,"C:\\Users\\55439\\OneDrive\\Ambiente de Trabalho\\CubosAcademy\\Nodejs\\ProjetosNuvem\\ApiRESTToDoList\\src\\models\\index.js": {"path":"C:\\Users\\55439\\OneDrive\\Ambiente de Trabalho\\CubosAcademy\\Nodejs\\ProjetosNuvem\\ApiRESTToDoList\\src\\models\\index.js","statementMap":{"0":{"start":{"line":3,"column":11},"end":{"line":3,"column":24}},"1":{"start":{"line":4,"column":13},"end":{"line":4,"column":28}},"2":{"start":{"line":5,"column":18},"end":{"line":5,"column":38}},"3":{"start":{"line":6,"column":16},"end":{"line":6,"column":34}},"4":{"start":{"line":7,"column":17},"end":{"line":7,"column":42}},"5":{"start":{"line":8,"column":12},"end":{"line":8,"column":49}},"6":{"start":{"line":9,"column":15},"end":{"line":9,"column":65}},"7":{"start":{"line":10,"column":11},"end":{"line":10,"column":13}},"8":{"start":{"line":13,"column":0},"end":{"line":17,"column":1}},"9":{"start":{"line":14,"column":2},"end":{"line":14,"column":74}},"10":{"start":{"line":16,"column":2},"end":{"line":16,"column":87}},"11":{"start":{"line":19,"column":0},"end":{"line":32,"column":5}},"12":{"start":{"line":22,"column":4},"end":{"line":27,"column":6}},"13":{"start":{"line":30,"column":18},"end":{"line":30,"column":85}},"14":{"start":{"line":31,"column":4},"end":{"line":31,"column":27}},"15":{"start":{"line":34,"column":0},"end":{"line":38,"column":3}},"16":{"start":{"line":35,"column":2},"end":{"line":37,"column":3}},"17":{"start":{"line":36,"column":4},"end":{"line":36,"column":32}},"18":{"start":{"line":40,"column":0},"end":{"line":40,"column":25}},"19":{"start":{"line":41,"column":0},"end":{"line":41,"column":25}},"20":{"start":{"line":42,"column":0},"end":{"line":42,"column":24}},"21":{"start":{"line":43,"column":0},"end":{"line":43,"column":21}}},"fnMap":{"0":{"name":"(anonymous_0)","decl":{"start":{"line":21,"column":10},"end":{"line":21,"column":11}},"loc":{"start":{"line":21,"column":18},"end":{"line":28,"column":3}},"line":21},"1":{"name":"(anonymous_1)","decl":{"start":{"line":29,"column":11},"end":{"line":29,"column":12}},"loc":{"start":{"line":29,"column":19},"end":{"line":32,"column":3}},"line":29},"2":{"name":"(anonymous_2)","decl":{"start":{"line":34,"column":24},"end":{"line":34,"column":25}},"loc":{"start":{"line":34,"column":37},"end":{"line":38,"column":1}},"line":34}},"branchMap":{"0":{"loc":{"start":{"line":8,"column":12},"end":{"line":8,"column":49}},"type":"binary-expr","locations":[{"start":{"line":8,"column":12},"end":{"line":8,"column":32}},{"start":{"line":8,"column":36},"end":{"line":8,"column":49}}],"line":8},"1":{"loc":{"start":{"line":13,"column":0},"end":{"line":17,"column":1}},"type":"if","locations":[{"start":{"line":13,"column":0},"end":{"line":17,"column":1}},{"start":{"line":15,"column":7},"end":{"line":17,"column":1}}],"line":13},"2":{"loc":{"start":{"line":23,"column":6},"end":{"line":26,"column":37}},"type":"binary-expr","locations":[{"start":{"line":23,"column":6},"end":{"line":23,"column":29}},{"start":{"line":24,"column":6},"end":{"line":24,"column":23}},{"start":{"line":25,"column":6},"end":{"line":25,"column":30}},{"start":{"line":26,"column":6},"end":{"line":26,"column":37}}],"line":23},"3":{"loc":{"start":{"line":35,"column":2},"end":{"line":37,"column":3}},"type":"if","locations":[{"start":{"line":35,"column":2},"end":{"line":37,"column":3}},{"start":{},"end":{}}],"line":35}},"s":{"0":2,"1":2,"2":2,"3":2,"4":2,"5":2,"6":2,"7":2,"8":2,"9":0,"10":2,"11":2,"12":10,"13":8,"14":8,"15":2,"16":8,"17":8,"18":2,"19":2,"20":2,"21":2},"f":{"0":10,"1":8,"2":8},"b":{"0":[2,0],"1":[0,2],"2":[10,10,8,8],"3":[8,0]},"_coverageSchema":"1a1c01bbd47fc00a2c39e90264f33305004495a9","hash":"a840de3c533f55c4fc987299baa8427f1b8553bf"}
,"C:\\Users\\55439\\OneDrive\\Ambiente de Trabalho\\CubosAcademy\\Nodejs\\ProjetosNuvem\\ApiRESTToDoList\\src\\services\\CategoriaService.js": {"path":"C:\\Users\\55439\\OneDrive\\Ambiente de Trabalho\\CubosAcademy\\Nodejs\\ProjetosNuvem\\ApiRESTToDoList\\src\\services\\CategoriaService.js","statementMap":{"0":{"start":{"line":1,"column":17},"end":{"line":1,"column":38}},"1":{"start":{"line":2,"column":15},"end":{"line":2,"column":35}},"2":{"start":{"line":3,"column":17},"end":{"line":3,"column":37}},"3":{"start":{"line":8,"column":4},"end":{"line":8,"column":24}},"4":{"start":{"line":11,"column":32},"end":{"line":11,"column":41}},"5":{"start":{"line":12,"column":18},"end":{"line":12,"column":20}},"6":{"start":{"line":13,"column":4},"end":{"line":15,"column":5}},"7":{"start":{"line":14,"column":6},"end":{"line":14,"column":56}},"8":{"start":{"line":17,"column":4},"end":{"line":19,"column":5}},"9":{"start":{"line":18,"column":6},"end":{"line":18,"column":66}},"10":{"start":{"line":21,"column":4},"end":{"line":24,"column":3}},"11":{"start":{"line":22,"column":6},"end":{"line":22,"column":25}},"12":{"start":{"line":23,"column":6},"end":{"line":23,"column":79}},"13":{"start":{"line":28,"column":0},"end":{"line":28,"column":34}}},"fnMap":{"0":{"name":"(anonymous_0)","decl":{"start":{"line":7,"column":2},"end":{"line":7,"column":3}},"loc":{"start":{"line":7,"column":16},"end":{"line":9,"column":3}},"line":7},"1":{"name":"(anonymous_1)","decl":{"start":{"line":10,"column":2},"end":{"line":10,"column":3}},"loc":{"start":{"line":10,"column":32},"end":{"line":25,"column":3}},"line":10}},"branchMap":{"0":{"loc":{"start":{"line":13,"column":4},"end":{"line":15,"column":5}},"type":"if","locations":[{"start":{"line":13,"column":4},"end":{"line":15,"column":5}},{"start":{},"end":{}}],"line":13},"1":{"loc":{"start":{"line":17,"column":4},"end":{"line":19,"column":5}},"type":"if","locations":[{"start":{"line":17,"column":4},"end":{"line":19,"column":5}},{"start":{},"end":{}}],"line":17},"2":{"loc":{"start":{"line":21,"column":4},"end":{"line":24,"column":3}},"type":"if","locations":[{"start":{"line":21,"column":4},"end":{"line":24,"column":3}},{"start":{},"end":{}}],"line":21}},"s":{"0":2,"1":2,"2":2,"3":2,"4":0,"5":0,"6":0,"7":0,"8":0,"9":0,"10":0,"11":0,"12":0,"13":2},"f":{"0":2,"1":0},"b":{"0":[0,0],"1":[0,0],"2":[0,0]},"_coverageSchema":"1a1c01bbd47fc00a2c39e90264f33305004495a9","hash":"62450fa4068e74fe8d90026a33e1426f14206961"}
,"C:\\Users\\55439\\OneDrive\\Ambiente de Trabalho\\CubosAcademy\\Nodejs\\ProjetosNuvem\\ApiRESTToDoList\\src\\services\\HistoricoPrecosServices.js": {"path":"C:\\Users\\55439\\OneDrive\\Ambiente de Trabalho\\CubosAcademy\\Nodejs\\ProjetosNuvem\\ApiRESTToDoList\\src\\services\\HistoricoPrecosServices.js","statementMap":{"0":{"start":{"line":1,"column":27},"end":{"line":1,"column":58}},"1":{"start":{"line":6,"column":4},"end":{"line":6,"column":29}},"2":{"start":{"line":11,"column":0},"end":{"line":11,"column":39}}},"fnMap":{"0":{"name":"(anonymous_0)","decl":{"start":{"line":5,"column":2},"end":{"line":5,"column":3}},"loc":{"start":{"line":5,"column":16},"end":{"line":7,"column":3}},"line":5}},"branchMap":{},"s":{"0":2,"1":2,"2":2},"f":{"0":2},"b":{},"_coverageSchema":"1a1c01bbd47fc00a2c39e90264f33305004495a9","hash":"baaef48cdac3596d8306e9d495429733d597ef60"}
,"C:\\Users\\55439\\OneDrive\\Ambiente de Trabalho\\CubosAcademy\\Nodejs\\ProjetosNuvem\\ApiRESTToDoList\\src\\services\\HistoricoQuantidadesServices.js": {"path":"C:\\Users\\55439\\OneDrive\\Ambiente de Trabalho\\CubosAcademy\\Nodejs\\ProjetosNuvem\\ApiRESTToDoList\\src\\services\\HistoricoQuantidadesServices.js","statementMap":{"0":{"start":{"line":1,"column":27},"end":{"line":1,"column":58}},"1":{"start":{"line":6,"column":4},"end":{"line":6,"column":34}},"2":{"start":{"line":10,"column":0},"end":{"line":10,"column":44}}},"fnMap":{"0":{"name":"(anonymous_0)","decl":{"start":{"line":5,"column":2},"end":{"line":5,"column":3}},"loc":{"start":{"line":5,"column":16},"end":{"line":7,"column":3}},"line":5}},"branchMap":{},"s":{"0":2,"1":2,"2":2},"f":{"0":2},"b":{},"_coverageSchema":"1a1c01bbd47fc00a2c39e90264f33305004495a9","hash":"39262f6edc3b1fb8c7385bece353e47dfc3303e7"}
,"C:\\Users\\55439\\OneDrive\\Ambiente de Trabalho\\CubosAcademy\\Nodejs\\ProjetosNuvem\\ApiRESTToDoList\\src\\services\\ProdutoService.js": {"path":"C:\\Users\\55439\\OneDrive\\Ambiente de Trabalho\\CubosAcademy\\Nodejs\\ProjetosNuvem\\ApiRESTToDoList\\src\\services\\ProdutoService.js","statementMap":{"0":{"start":{"line":1,"column":17},"end":{"line":1,"column":38}},"1":{"start":{"line":2,"column":17},"end":{"line":2,"column":37}},"2":{"start":{"line":3,"column":15},"end":{"line":3,"column":35}},"3":{"start":{"line":8,"column":4},"end":{"line":8,"column":22}},"4":{"start":{"line":9,"column":4},"end":{"line":9,"column":60}},"5":{"start":{"line":10,"column":4},"end":{"line":10,"column":70}},"6":{"start":{"line":13,"column":45},"end":{"line":13,"column":61}},"7":{"start":{"line":14,"column":26},"end":{"line":14,"column":84}},"8":{"start":{"line":15,"column":4},"end":{"line":18,"column":5}},"9":{"start":{"line":16,"column":24},"end":{"line":16,"column":75}},"10":{"start":{"line":17,"column":6},"end":{"line":17,"column":58}},"11":{"start":{"line":19,"column":4},"end":{"line":22,"column":5}},"12":{"start":{"line":20,"column":29},"end":{"line":20,"column":101}},"13":{"start":{"line":21,"column":6},"end":{"line":21,"column":68}},"14":{"start":{"line":23,"column":4},"end":{"line":23,"column":61}},"15":{"start":{"line":26,"column":32},"end":{"line":26,"column":41}},"16":{"start":{"line":27,"column":18},"end":{"line":27,"column":20}},"17":{"start":{"line":28,"column":4},"end":{"line":30,"column":5}},"18":{"start":{"line":29,"column":6},"end":{"line":29,"column":56}},"19":{"start":{"line":32,"column":4},"end":{"line":34,"column":5}},"20":{"start":{"line":33,"column":6},"end":{"line":33,"column":71}},"21":{"start":{"line":36,"column":4},"end":{"line":39,"column":3}},"22":{"start":{"line":37,"column":6},"end":{"line":37,"column":25}},"23":{"start":{"line":38,"column":6},"end":{"line":38,"column":85}},"24":{"start":{"line":42,"column":45},"end":{"line":42,"column":54}},"25":{"start":{"line":43,"column":23},"end":{"line":43,"column":114}},"26":{"start":{"line":44,"column":4},"end":{"line":48,"column":5}},"27":{"start":{"line":45,"column":6},"end":{"line":45,"column":24}},"28":{"start":{"line":47,"column":6},"end":{"line":47,"column":16}},"29":{"start":{"line":53,"column":0},"end":{"line":53,"column":32}}},"fnMap":{"0":{"name":"(anonymous_0)","decl":{"start":{"line":7,"column":2},"end":{"line":7,"column":3}},"loc":{"start":{"line":7,"column":16},"end":{"line":11,"column":3}},"line":7},"1":{"name":"(anonymous_1)","decl":{"start":{"line":12,"column":2},"end":{"line":12,"column":3}},"loc":{"start":{"line":12,"column":45},"end":{"line":24,"column":3}},"line":12},"2":{"name":"(anonymous_2)","decl":{"start":{"line":25,"column":2},"end":{"line":25,"column":3}},"loc":{"start":{"line":25,"column":31},"end":{"line":40,"column":3}},"line":25},"3":{"name":"(anonymous_3)","decl":{"start":{"line":41,"column":2},"end":{"line":41,"column":3}},"loc":{"start":{"line":41,"column":34},"end":{"line":49,"column":3}},"line":41}},"branchMap":{"0":{"loc":{"start":{"line":15,"column":4},"end":{"line":18,"column":5}},"type":"if","locations":[{"start":{"line":15,"column":4},"end":{"line":18,"column":5}},{"start":{},"end":{}}],"line":15},"1":{"loc":{"start":{"line":19,"column":4},"end":{"line":22,"column":5}},"type":"if","locations":[{"start":{"line":19,"column":4},"end":{"line":22,"column":5}},{"start":{},"end":{}}],"line":19},"2":{"loc":{"start":{"line":28,"column":4},"end":{"line":30,"column":5}},"type":"if","locations":[{"start":{"line":28,"column":4},"end":{"line":30,"column":5}},{"start":{},"end":{}}],"line":28},"3":{"loc":{"start":{"line":32,"column":4},"end":{"line":34,"column":5}},"type":"if","locations":[{"start":{"line":32,"column":4},"end":{"line":34,"column":5}},{"start":{},"end":{}}],"line":32},"4":{"loc":{"start":{"line":36,"column":4},"end":{"line":39,"column":3}},"type":"if","locations":[{"start":{"line":36,"column":4},"end":{"line":39,"column":3}},{"start":{},"end":{}}],"line":36},"5":{"loc":{"start":{"line":42,"column":12},"end":{"line":42,"column":22}},"type":"default-arg","locations":[{"start":{"line":42,"column":21},"end":{"line":42,"column":22}}],"line":42},"6":{"loc":{"start":{"line":42,"column":24},"end":{"line":42,"column":41}},"type":"default-arg","locations":[{"start":{"line":42,"column":33},"end":{"line":42,"column":41}}],"line":42},"7":{"loc":{"start":{"line":44,"column":4},"end":{"line":48,"column":5}},"type":"if","locations":[{"start":{"line":44,"column":4},"end":{"line":48,"column":5}},{"start":{"line":46,"column":9},"end":{"line":48,"column":5}}],"line":44}},"s":{"0":2,"1":2,"2":2,"3":2,"4":2,"5":2,"6":0,"7":0,"8":0,"9":0,"10":0,"11":0,"12":0,"13":0,"14":0,"15":0,"16":0,"17":0,"18":0,"19":0,"20":0,"21":0,"22":0,"23":0,"24":0,"25":0,"26":0,"27":0,"28":0,"29":2},"f":{"0":2,"1":0,"2":0,"3":0},"b":{"0":[0,0],"1":[0,0],"2":[0,0],"3":[0,0],"4":[0,0],"5":[0],"6":[0],"7":[0,0]},"_coverageSchema":"1a1c01bbd47fc00a2c39e90264f33305004495a9","hash":"2d5adfcb42dd4404f44c731e6d28504c971f738b"}
,"C:\\Users\\55439\\OneDrive\\Ambiente de Trabalho\\CubosAcademy\\Nodejs\\ProjetosNuvem\\ApiRESTToDoList\\src\\services\\ServicesHistoricos.js": {"path":"C:\\Users\\55439\\OneDrive\\Ambiente de Trabalho\\CubosAcademy\\Nodejs\\ProjetosNuvem\\ApiRESTToDoList\\src\\services\\ServicesHistoricos.js","statementMap":{"0":{"start":{"line":1,"column":17},"end":{"line":1,"column":38}},"1":{"start":{"line":2,"column":17},"end":{"line":2,"column":37}},"2":{"start":{"line":3,"column":15},"end":{"line":3,"column":35}},"3":{"start":{"line":10,"column":4},"end":{"line":10,"column":22}},"4":{"start":{"line":13,"column":4},"end":{"line":13,"column":20}},"5":{"start":{"line":14,"column":23},"end":{"line":14,"column":99}},"6":{"start":{"line":15,"column":4},"end":{"line":19,"column":5}},"7":{"start":{"line":16,"column":6},"end":{"line":16,"column":24}},"8":{"start":{"line":18,"column":6},"end":{"line":18,"column":16}},"9":{"start":{"line":25,"column":0},"end":{"line":25,"column":36}}},"fnMap":{"0":{"name":"(anonymous_0)","decl":{"start":{"line":9,"column":2},"end":{"line":9,"column":3}},"loc":{"start":{"line":9,"column":26},"end":{"line":11,"column":3}},"line":9},"1":{"name":"(anonymous_1)","decl":{"start":{"line":12,"column":2},"end":{"line":12,"column":3}},"loc":{"start":{"line":12,"column":28},"end":{"line":20,"column":3}},"line":12}},"branchMap":{"0":{"loc":{"start":{"line":15,"column":4},"end":{"line":19,"column":5}},"type":"if","locations":[{"start":{"line":15,"column":4},"end":{"line":19,"column":5}},{"start":{"line":17,"column":9},"end":{"line":19,"column":5}}],"line":15}},"s":{"0":2,"1":2,"2":2,"3":4,"4":0,"5":0,"6":0,"7":0,"8":0,"9":2},"f":{"0":4,"1":0},"b":{"0":[0,0]},"_coverageSchema":"1a1c01bbd47fc00a2c39e90264f33305004495a9","hash":"1e19b14a34b28357324e70ee3e721e91a0b8bb5d"}
,"C:\\Users\\55439\\OneDrive\\Ambiente de Trabalho\\CubosAcademy\\Nodejs\\ProjetosNuvem\\ApiRESTToDoList\\src\\services\\index.js": {"path":"C:\\Users\\55439\\OneDrive\\Ambiente de Trabalho\\CubosAcademy\\Nodejs\\ProjetosNuvem\\ApiRESTToDoList\\src\\services\\index.js","statementMap":{"0":{"start":{"line":1,"column":25},"end":{"line":1,"column":57}},"1":{"start":{"line":2,"column":23},"end":{"line":2,"column":53}},"2":{"start":{"line":4,"column":0},"end":{"line":7,"column":2}}},"fnMap":{},"branchMap":{},"s":{"0":2,"1":2,"2":2},"f":{},"b":{},"_coverageSchema":"1a1c01bbd47fc00a2c39e90264f33305004495a9","hash":"fe0724cc673ec927b5425d6bd31b48d8d636e6d1"}
,"C:\\Users\\55439\\OneDrive\\Ambiente de Trabalho\\CubosAcademy\\Nodejs\\ProjetosNuvem\\ApiRESTToDoList\\src\\services\\services.js": {"path":"C:\\Users\\55439\\OneDrive\\Ambiente de Trabalho\\CubosAcademy\\Nodejs\\ProjetosNuvem\\ApiRESTToDoList\\src\\services\\services.js","statementMap":{"0":{"start":{"line":1,"column":17},"end":{"line":1,"column":37}},"1":{"start":{"line":6,"column":4},"end":{"line":6,"column":33}},"2":{"start":{"line":9,"column":4},"end":{"line":9,"column":53}},"3":{"start":{"line":12,"column":4},"end":{"line":12,"column":64}},"4":{"start":{"line":15,"column":4},"end":{"line":16,"column":26}},"5":{"start":{"line":19,"column":4},"end":{"line":20,"column":33}},"6":{"start":{"line":23,"column":4},"end":{"line":24,"column":34}},"7":{"start":{"line":27,"column":4},"end":{"line":28,"column":34}},"8":{"start":{"line":31,"column":4},"end":{"line":32,"column":51}},"9":{"start":{"line":35,"column":4},"end":{"line":35,"column":85}},"10":{"start":{"line":41,"column":0},"end":{"line":41,"column":26}}},"fnMap":{"0":{"name":"(anonymous_0)","decl":{"start":{"line":5,"column":2},"end":{"line":5,"column":3}},"loc":{"start":{"line":5,"column":26},"end":{"line":7,"column":3}},"line":5},"1":{"name":"(anonymous_1)","decl":{"start":{"line":8,"column":2},"end":{"line":8,"column":3}},"loc":{"start":{"line":8,"column":24},"end":{"line":10,"column":3}},"line":8},"2":{"name":"(anonymous_2)","decl":{"start":{"line":11,"column":2},"end":{"line":11,"column":3}},"loc":{"start":{"line":11,"column":27},"end":{"line":13,"column":3}},"line":11},"3":{"name":"(anonymous_3)","decl":{"start":{"line":14,"column":2},"end":{"line":14,"column":3}},"loc":{"start":{"line":14,"column":48},"end":{"line":17,"column":3}},"line":14},"4":{"name":"(anonymous_4)","decl":{"start":{"line":18,"column":2},"end":{"line":18,"column":3}},"loc":{"start":{"line":18,"column":40},"end":{"line":21,"column":3}},"line":18},"5":{"name":"(anonymous_5)","decl":{"start":{"line":22,"column":2},"end":{"line":22,"column":3}},"loc":{"start":{"line":22,"column":27},"end":{"line":25,"column":3}},"line":22},"6":{"name":"(anonymous_6)","decl":{"start":{"line":26,"column":2},"end":{"line":26,"column":3}},"loc":{"start":{"line":26,"column":29},"end":{"line":29,"column":3}},"line":26},"7":{"name":"(anonymous_7)","decl":{"start":{"line":30,"column":2},"end":{"line":30,"column":3}},"loc":{"start":{"line":30,"column":47},"end":{"line":33,"column":3}},"line":30},"8":{"name":"(anonymous_8)","decl":{"start":{"line":34,"column":2},"end":{"line":34,"column":3}},"loc":{"start":{"line":34,"column":31},"end":{"line":36,"column":3}},"line":34}},"branchMap":{"0":{"loc":{"start":{"line":14,"column":36},"end":{"line":14,"column":46}},"type":"default-arg","locations":[{"start":{"line":14,"column":44},"end":{"line":14,"column":46}}],"line":14}},"s":{"0":2,"1":12,"2":1,"3":3,"4":0,"5":12,"6":2,"7":2,"8":3,"9":1,"10":2},"f":{"0":12,"1":1,"2":3,"3":0,"4":12,"5":2,"6":2,"7":3,"8":1},"b":{"0":[0]},"_coverageSchema":"1a1c01bbd47fc00a2c39e90264f33305004495a9","hash":"f0c30ee39a1db9a5b40e0c630f9b495ee695ec74"}
}
